c:\users\pocitac\source\repos\semestrálnapráca\semestrálnapráca\debug\vc142.pdb
c:\users\pocitac\source\repos\semestrálnapráca\semestrálnapráca\debug\vc142.idb
c:\users\pocitac\source\repos\semestrálnapráca\semestrálnapráca\debug\vector.obj
c:\users\pocitac\source\repos\semestrálnapráca\semestrálnapráca\debug\structure.obj
c:\users\pocitac\source\repos\semestrálnapráca\semestrálnapráca\debug\memory_routines.obj
c:\users\pocitac\source\repos\semestrálnapráca\semestrálnapráca\debug\ds_routines.obj
c:\users\pocitac\source\repos\semestrálnapráca\semestrálnapráca\debug\testarraylist.obj
c:\users\pocitac\source\repos\semestrálnapráca\semestrálnapráca\debug\main.obj
c:\users\pocitac\source\repos\semestrálnapráca\semestrálnapráca\debug\podiely_operacii.obj
c:\users\pocitac\source\repos\semestrálnapráca\debug\semestrálnapráca.exe
c:\users\pocitac\source\repos\semestrálnapráca\debug\semestrálnapráca.ilk
c:\users\pocitac\source\repos\semestrálnapráca\debug\semestrálnapráca.pdb
c:\users\pocitac\source\repos\semestrálnapráca\semestrálnapráca\debug\main.new.obj.enc
c:\users\pocitac\source\repos\semestrálnapráca\semestrálnapráca\debug\podiely_operacii.new.obj.enc
c:\users\pocitac\source\repos\semestrálnapráca\semestrálnapráca\debug\semestrálnapráca.tlog\cl.command.1.tlog
c:\users\pocitac\source\repos\semestrálnapráca\semestrálnapráca\debug\semestrálnapráca.tlog\cl.read.1.tlog
c:\users\pocitac\source\repos\semestrálnapráca\semestrálnapráca\debug\semestrálnapráca.tlog\cl.write.1.tlog
c:\users\pocitac\source\repos\semestrálnapráca\semestrálnapráca\debug\semestrálnapráca.tlog\link.command.1.tlog
c:\users\pocitac\source\repos\semestrálnapráca\semestrálnapráca\debug\semestrálnapráca.tlog\link.read.1.tlog
c:\users\pocitac\source\repos\semestrálnapráca\semestrálnapráca\debug\semestrálnapráca.tlog\link.write.1.tlog
