  main.cpp
C:\Users\Pocitac\source\repos\SemestrálnaPráca\SemestrálnaPráca\main.cpp(13,40): warning C4101: 'newArray': unreferenced local variable
C:\Users\Pocitac\source\repos\SemestrálnaPráca\structures\priority_queue\heap.h(129,19): warning C4018: '<': signed/unsigned mismatch
C:\Users\Pocitac\source\repos\SemestrálnaPráca\structures\priority_queue\heap.h(120): message : while compiling class template member function 'T structures::Heap<T>::pop(void)'
C:\Users\Pocitac\source\repos\SemestrálnaPráca\structures\priority_queue\heap.h(120): message :         with
C:\Users\Pocitac\source\repos\SemestrálnaPráca\structures\priority_queue\heap.h(120): message :         [
C:\Users\Pocitac\source\repos\SemestrálnaPráca\structures\priority_queue\heap.h(120): message :             T=int
C:\Users\Pocitac\source\repos\SemestrálnaPráca\structures\priority_queue\heap.h(120): message :         ]
C:\Users\Pocitac\source\repos\SemestrálnaPráca\SemestrálnaPráca\main.cpp(14): message : see reference to class template instantiation 'structures::Heap<int>' being compiled
C:\Users\Pocitac\source\repos\SemestrálnaPráca\structures\priority_queue\heap.h(153,15): warning C4018: '>=': signed/unsigned mismatch
C:\Users\Pocitac\source\repos\SemestrálnaPráca\structures\priority_queue\heap.h(149): message : while compiling class template member function 'int structures::Heap<int>::getGreaterSonIndex(const int)'
C:\Users\Pocitac\source\repos\SemestrálnaPráca\structures\priority_queue\heap.h(127): message : see reference to function template instantiation 'int structures::Heap<int>::getGreaterSonIndex(const int)' being compiled
C:\Users\Pocitac\source\repos\SemestrálnaPráca\structures\priority_queue\heap.h(67): message : while compiling class template member function 'structures::Heap<int>::Heap(void)'
C:\Users\Pocitac\source\repos\SemestrálnaPráca\SemestrálnaPráca\main.cpp(14): message : see reference to function template instantiation 'structures::Heap<int>::Heap(void)' being compiled
C:\Users\Pocitac\source\repos\SemestrálnaPráca\structures\priority_queue\heap.h(158,17): warning C4018: '>=': signed/unsigned mismatch
C:\Users\Pocitac\source\repos\SemestrálnaPráca\structures\list\array_list.h(301,27): warning C4018: '<': signed/unsigned mismatch
C:\Users\Pocitac\source\repos\SemestrálnaPráca\structures\list\array_list.h(300): message : while compiling class template member function 'int structures::ArrayList<structures::PriorityQueueItem<T> *>::getIndexOf(structures::PriorityQueueItem<T> *const &)'
C:\Users\Pocitac\source\repos\SemestrálnaPráca\structures\list\array_list.h(300): message :         with
C:\Users\Pocitac\source\repos\SemestrálnaPráca\structures\list\array_list.h(300): message :         [
C:\Users\Pocitac\source\repos\SemestrálnaPráca\structures\list\array_list.h(300): message :             T=int
C:\Users\Pocitac\source\repos\SemestrálnaPráca\structures\list\array_list.h(300): message :         ]
C:\Users\Pocitac\source\repos\SemestrálnaPráca\structures\list\array_list.h(260): message : see reference to function template instantiation 'int structures::ArrayList<structures::PriorityQueueItem<T> *>::getIndexOf(structures::PriorityQueueItem<T> *const &)' being compiled
C:\Users\Pocitac\source\repos\SemestrálnaPráca\structures\list\array_list.h(260): message :         with
C:\Users\Pocitac\source\repos\SemestrálnaPráca\structures\list\array_list.h(260): message :         [
C:\Users\Pocitac\source\repos\SemestrálnaPráca\structures\list\array_list.h(260): message :             T=int
C:\Users\Pocitac\source\repos\SemestrálnaPráca\structures\list\array_list.h(260): message :         ]
  testArrayList.cpp
C:\Users\Pocitac\source\repos\SemestrálnaPráca\structures\priority_queue\heap.h(68): message : see reference to class template instantiation 'structures::ArrayList<structures::PriorityQueueItem<T> *>' being compiled
C:\Users\Pocitac\source\repos\SemestrálnaPráca\structures\priority_queue\heap.h(68): message :         with
C:\Users\Pocitac\source\repos\SemestrálnaPráca\structures\priority_queue\heap.h(68): message :         [
C:\Users\Pocitac\source\repos\SemestrálnaPráca\structures\priority_queue\heap.h(68): message :             T=int
C:\Users\Pocitac\source\repos\SemestrálnaPráca\structures\priority_queue\heap.h(68): message :         ]
C:\Users\Pocitac\source\repos\SemestrálnaPráca\SemestrálnaPráca\testArrayList.cpp(283,14): warning C4244: 'argument': conversion from 'time_t' to 'unsigned int', possible loss of data
C:\Users\Pocitac\source\repos\SemestrálnaPráca\structures\list\array_list.h(301,27): warning C4018: '<': signed/unsigned mismatch
C:\Users\Pocitac\source\repos\SemestrálnaPráca\structures\list\array_list.h(300): message : while compiling class template member function 'int structures::ArrayList<int>::getIndexOf(const T &)'
C:\Users\Pocitac\source\repos\SemestrálnaPráca\structures\list\array_list.h(300): message :         with
C:\Users\Pocitac\source\repos\SemestrálnaPráca\structures\list\array_list.h(300): message :         [
C:\Users\Pocitac\source\repos\SemestrálnaPráca\structures\list\array_list.h(300): message :             T=int
C:\Users\Pocitac\source\repos\SemestrálnaPráca\structures\list\array_list.h(300): message :         ]
C:\Users\Pocitac\source\repos\SemestrálnaPráca\structures\list\array_list.h(260): message : see reference to function template instantiation 'int structures::ArrayList<int>::getIndexOf(const T &)' being compiled
C:\Users\Pocitac\source\repos\SemestrálnaPráca\structures\list\array_list.h(260): message :         with
C:\Users\Pocitac\source\repos\SemestrálnaPráca\structures\list\array_list.h(260): message :         [
C:\Users\Pocitac\source\repos\SemestrálnaPráca\structures\list\array_list.h(260): message :             T=int
C:\Users\Pocitac\source\repos\SemestrálnaPráca\structures\list\array_list.h(260): message :         ]
C:\Users\Pocitac\source\repos\SemestrálnaPráca\SemestrálnaPráca\testArrayList.cpp(65): message : see reference to class template instantiation 'structures::ArrayList<int>' being compiled
C:\Program Files (x86)\Microsoft Visual Studio\2019\Community\VC\Tools\MSVC\14.23.28105\include\chrono(669): message : see reference to class template instantiation 'std::chrono::duration<double,std::ratio<1,1>>' being compiled
C:\Program Files (x86)\Microsoft Visual Studio\2019\Community\VC\Tools\MSVC\14.23.28105\include\chrono(177): message : see reference to class template instantiation 'std::chrono::duration<__int64,std::nano>' being compiled
  testLinkedList.cpp
C:\Program Files (x86)\Microsoft Visual Studio\2019\Community\VC\Tools\MSVC\14.23.28105\include\chrono(647): message : see reference to class template instantiation 'std::chrono::time_point<std::chrono::steady_clock,std::chrono::steady_clock::duration>' being compiled
  Generating Code...
C:\Users\Pocitac\source\repos\SemestrálnaPráca\SemestrálnaPráca\testLinkedList.cpp(283,14): warning C4244: 'argument': conversion from 'time_t' to 'unsigned int', possible loss of data
  SemestrálnaPráca.vcxproj -> C:\Users\Pocitac\source\repos\SemestrálnaPráca\Debug\SemestrálnaPráca.exe
